<?xml version="1.0" encoding="UTF-8"?>
<!-- Generated by org.testng.reporters.JUnitReportReporter -->
<testsuite hostname="DESKTOP-OPH57PF" failures="0" tests="4" name="testcases.LoginPageTestClass" time="8.374" errors="0" timestamp="2022-07-25T20:39:49 IST" skipped="0">
  <testcase classname="testcases.LoginPageTestClass" name="websiteisdisplayed" time="0.603"/>
  <system-out/>
  <testcase classname="testcases.LoginPageTestClass" name="loginPageInvalidUsernameCorrectPassword" time="5.170"/>
  <system-out/>
  <testcase classname="testcases.LoginPageTestClass" name="loginPageCorrectUsernameInvalidPassword" time="0.553"/>
  <system-out/>
  <testcase classname="testcases.LoginPageTestClass" name="loginPageCorrectUsernamePassword" time="2.048"/>
  <system-out/>
</testsuite> <!-- testcases.LoginPageTestClass -->
