<?xml version="1.0" encoding="UTF-8"?>
<!-- Generated by org.testng.reporters.JUnitReportReporter -->
<testsuite hostname="DESKTOP-OPH57PF" failures="0" tests="4" name="testcases.LoginPageTestClass" time="8.328" errors="0" timestamp="2022-07-25T07:53:38 IST" skipped="0">
  <testcase classname="testcases.LoginPageTestClass" name="websiteisdisplayed" time="0.395"/>
  <system-out/>
  <testcase classname="testcases.LoginPageTestClass" name="loginPageInvalidUsernameCorrectPassword" time="6.236"/>
  <system-out/>
  <testcase classname="testcases.LoginPageTestClass" name="loginPageCorrectUsernameInvalidPassword" time="0.788"/>
  <system-out/>
  <testcase classname="testcases.LoginPageTestClass" name="loginPageCorrectUsernamePassword" time="0.909"/>
  <system-out/>
</testsuite> <!-- testcases.LoginPageTestClass -->
